<?xml version="1.0" encoding="UTF-8"?>
<testsuite xmlns:xsi="http://www.w3.org/2001/XMLSchema-instance" xsi:noNamespaceSchemaLocation="https://maven.apache.org/surefire/maven-surefire-plugin/xsd/surefire-test-report.xsd" name="com.basis.sge.service.recurso.TestNegativosRecursoIT" time="9.128" tests="4" errors="3" skipped="0" failures="0">
  <properties>
    <property name="sun.desktop" value="gnome"/>
    <property name="awt.toolkit" value="sun.awt.X11.XToolkit"/>
    <property name="java.specification.version" value="11"/>
    <property name="sun.cpu.isalist" value=""/>
    <property name="sun.jnu.encoding" value="UTF-8"/>
    <property name="java.class.path" value="/home/alexandre/SGE/service/target/test-classes:/home/alexandre/SGE/service/target/classes:/home/alexandre/.m2/repository/org/springframework/boot/spring-boot-starter-data-jpa/2.3.4.RELEASE/spring-boot-starter-data-jpa-2.3.4.RELEASE.jar:/home/alexandre/.m2/repository/org/springframework/boot/spring-boot-starter-aop/2.3.4.RELEASE/spring-boot-starter-aop-2.3.4.RELEASE.jar:/home/alexandre/.m2/repository/org/springframework/spring-aop/5.2.9.RELEASE/spring-aop-5.2.9.RELEASE.jar:/home/alexandre/.m2/repository/org/aspectj/aspectjweaver/1.9.6/aspectjweaver-1.9.6.jar:/home/alexandre/.m2/repository/org/springframework/boot/spring-boot-starter-jdbc/2.3.4.RELEASE/spring-boot-starter-jdbc-2.3.4.RELEASE.jar:/home/alexandre/.m2/repository/com/zaxxer/HikariCP/3.4.5/HikariCP-3.4.5.jar:/home/alexandre/.m2/repository/org/springframework/spring-jdbc/5.2.9.RELEASE/spring-jdbc-5.2.9.RELEASE.jar:/home/alexandre/.m2/repository/jakarta/transaction/jakarta.transaction-api/1.3.3/jakarta.transaction-api-1.3.3.jar:/home/alexandre/.m2/repository/jakarta/persistence/jakarta.persistence-api/2.2.3/jakarta.persistence-api-2.2.3.jar:/home/alexandre/.m2/repository/org/hibernate/hibernate-core/5.4.21.Final/hibernate-core-5.4.21.Final.jar:/home/alexandre/.m2/repository/org/jboss/logging/jboss-logging/3.4.1.Final/jboss-logging-3.4.1.Final.jar:/home/alexandre/.m2/repository/org/javassist/javassist/3.24.0-GA/javassist-3.24.0-GA.jar:/home/alexandre/.m2/repository/net/bytebuddy/byte-buddy/1.10.14/byte-buddy-1.10.14.jar:/home/alexandre/.m2/repository/antlr/antlr/2.7.7/antlr-2.7.7.jar:/home/alexandre/.m2/repository/org/jboss/jandex/2.1.3.Final/jandex-2.1.3.Final.jar:/home/alexandre/.m2/repository/com/fasterxml/classmate/1.5.1/classmate-1.5.1.jar:/home/alexandre/.m2/repository/org/dom4j/dom4j/2.1.3/dom4j-2.1.3.jar:/home/alexandre/.m2/repository/org/hibernate/common/hibernate-commons-annotations/5.1.0.Final/hibernate-commons-annotations-5.1.0.Final.jar:/home/alexandre/.m2/repository/org/glassfish/jaxb/jaxb-runtime/2.3.3/jaxb-runtime-2.3.3.jar:/home/alexandre/.m2/repository/org/glassfish/jaxb/txw2/2.3.3/txw2-2.3.3.jar:/home/alexandre/.m2/repository/com/sun/istack/istack-commons-runtime/3.0.11/istack-commons-runtime-3.0.11.jar:/home/alexandre/.m2/repository/org/springframework/data/spring-data-jpa/2.3.4.RELEASE/spring-data-jpa-2.3.4.RELEASE.jar:/home/alexandre/.m2/repository/org/springframework/data/spring-data-commons/2.3.4.RELEASE/spring-data-commons-2.3.4.RELEASE.jar:/home/alexandre/.m2/repository/org/springframework/spring-orm/5.2.9.RELEASE/spring-orm-5.2.9.RELEASE.jar:/home/alexandre/.m2/repository/org/springframework/spring-context/5.2.9.RELEASE/spring-context-5.2.9.RELEASE.jar:/home/alexandre/.m2/repository/org/springframework/spring-tx/5.2.9.RELEASE/spring-tx-5.2.9.RELEASE.jar:/home/alexandre/.m2/repository/org/springframework/spring-beans/5.2.9.RELEASE/spring-beans-5.2.9.RELEASE.jar:/home/alexandre/.m2/repository/org/springframework/spring-aspects/5.2.9.RELEASE/spring-aspects-5.2.9.RELEASE.jar:/home/alexandre/.m2/repository/org/springframework/boot/spring-boot-starter-web/2.3.4.RELEASE/spring-boot-starter-web-2.3.4.RELEASE.jar:/home/alexandre/.m2/repository/org/springframework/boot/spring-boot-starter/2.3.4.RELEASE/spring-boot-starter-2.3.4.RELEASE.jar:/home/alexandre/.m2/repository/org/springframework/boot/spring-boot-starter-logging/2.3.4.RELEASE/spring-boot-starter-logging-2.3.4.RELEASE.jar:/home/alexandre/.m2/repository/ch/qos/logback/logback-classic/1.2.3/logback-classic-1.2.3.jar:/home/alexandre/.m2/repository/ch/qos/logback/logback-core/1.2.3/logback-core-1.2.3.jar:/home/alexandre/.m2/repository/org/apache/logging/log4j/log4j-to-slf4j/2.13.3/log4j-to-slf4j-2.13.3.jar:/home/alexandre/.m2/repository/org/apache/logging/log4j/log4j-api/2.13.3/log4j-api-2.13.3.jar:/home/alexandre/.m2/repository/org/slf4j/jul-to-slf4j/1.7.30/jul-to-slf4j-1.7.30.jar:/home/alexandre/.m2/repository/jakarta/annotation/jakarta.annotation-api/1.3.5/jakarta.annotation-api-1.3.5.jar:/home/alexandre/.m2/repository/org/yaml/snakeyaml/1.26/snakeyaml-1.26.jar:/home/alexandre/.m2/repository/org/springframework/boot/spring-boot-starter-json/2.3.4.RELEASE/spring-boot-starter-json-2.3.4.RELEASE.jar:/home/alexandre/.m2/repository/com/fasterxml/jackson/core/jackson-databind/2.11.2/jackson-databind-2.11.2.jar:/home/alexandre/.m2/repository/com/fasterxml/jackson/core/jackson-annotations/2.11.2/jackson-annotations-2.11.2.jar:/home/alexandre/.m2/repository/com/fasterxml/jackson/core/jackson-core/2.11.2/jackson-core-2.11.2.jar:/home/alexandre/.m2/repository/com/fasterxml/jackson/datatype/jackson-datatype-jdk8/2.11.2/jackson-datatype-jdk8-2.11.2.jar:/home/alexandre/.m2/repository/com/fasterxml/jackson/datatype/jackson-datatype-jsr310/2.11.2/jackson-datatype-jsr310-2.11.2.jar:/home/alexandre/.m2/repository/com/fasterxml/jackson/module/jackson-module-parameter-names/2.11.2/jackson-module-parameter-names-2.11.2.jar:/home/alexandre/.m2/repository/org/springframework/boot/spring-boot-starter-tomcat/2.3.4.RELEASE/spring-boot-starter-tomcat-2.3.4.RELEASE.jar:/home/alexandre/.m2/repository/org/apache/tomcat/embed/tomcat-embed-core/9.0.38/tomcat-embed-core-9.0.38.jar:/home/alexandre/.m2/repository/org/glassfish/jakarta.el/3.0.3/jakarta.el-3.0.3.jar:/home/alexandre/.m2/repository/org/apache/tomcat/embed/tomcat-embed-websocket/9.0.38/tomcat-embed-websocket-9.0.38.jar:/home/alexandre/.m2/repository/org/springframework/spring-web/5.2.9.RELEASE/spring-web-5.2.9.RELEASE.jar:/home/alexandre/.m2/repository/org/springframework/spring-webmvc/5.2.9.RELEASE/spring-webmvc-5.2.9.RELEASE.jar:/home/alexandre/.m2/repository/org/springframework/spring-expression/5.2.9.RELEASE/spring-expression-5.2.9.RELEASE.jar:/home/alexandre/.m2/repository/org/liquibase/liquibase-core/3.8.9/liquibase-core-3.8.9.jar:/home/alexandre/.m2/repository/javax/xml/bind/jaxb-api/2.3.1/jaxb-api-2.3.1.jar:/home/alexandre/.m2/repository/javax/activation/javax.activation-api/1.2.0/javax.activation-api-1.2.0.jar:/home/alexandre/.m2/repository/org/slf4j/slf4j-api/1.7.30/slf4j-api-1.7.30.jar:/home/alexandre/.m2/repository/org/springframework/cloud/spring-cloud-stream/3.1.0/spring-cloud-stream-3.1.0.jar:/home/alexandre/.m2/repository/org/springframework/boot/spring-boot-starter-validation/2.3.4.RELEASE/spring-boot-starter-validation-2.3.4.RELEASE.jar:/home/alexandre/.m2/repository/org/hibernate/validator/hibernate-validator/6.1.5.Final/hibernate-validator-6.1.5.Final.jar:/home/alexandre/.m2/repository/jakarta/validation/jakarta.validation-api/2.0.2/jakarta.validation-api-2.0.2.jar:/home/alexandre/.m2/repository/org/springframework/spring-messaging/5.2.9.RELEASE/spring-messaging-5.2.9.RELEASE.jar:/home/alexandre/.m2/repository/org/springframework/integration/spring-integration-core/5.3.2.RELEASE/spring-integration-core-5.3.2.RELEASE.jar:/home/alexandre/.m2/repository/io/projectreactor/reactor-core/3.3.10.RELEASE/reactor-core-3.3.10.RELEASE.jar:/home/alexandre/.m2/repository/org/reactivestreams/reactive-streams/1.0.3/reactive-streams-1.0.3.jar:/home/alexandre/.m2/repository/org/springframework/integration/spring-integration-jmx/5.3.2.RELEASE/spring-integration-jmx-5.3.2.RELEASE.jar:/home/alexandre/.m2/repository/org/springframework/retry/spring-retry/1.2.5.RELEASE/spring-retry-1.2.5.RELEASE.jar:/home/alexandre/.m2/repository/org/springframework/cloud/spring-cloud-function-context/3.1.0/spring-cloud-function-context-3.1.0.jar:/home/alexandre/.m2/repository/net/jodah/typetools/0.6.2/typetools-0.6.2.jar:/home/alexandre/.m2/repository/org/springframework/cloud/spring-cloud-function-core/3.1.0/spring-cloud-function-core-3.1.0.jar:/home/alexandre/.m2/repository/javax/annotation/javax.annotation-api/1.3.2/javax.annotation-api-1.3.2.jar:/home/alexandre/.m2/repository/com/bertoncelj/jdbi/entitymapper/jdbi-entity-mapper/1.0.0/jdbi-entity-mapper-1.0.0.jar:/home/alexandre/.m2/repository/org/jdbi/jdbi/2.63.1/jdbi-2.63.1.jar:/home/alexandre/.m2/repository/org/springframework/boot/spring-boot-devtools/2.3.4.RELEASE/spring-boot-devtools-2.3.4.RELEASE.jar:/home/alexandre/.m2/repository/org/springframework/boot/spring-boot/2.3.4.RELEASE/spring-boot-2.3.4.RELEASE.jar:/home/alexandre/.m2/repository/org/springframework/boot/spring-boot-autoconfigure/2.3.4.RELEASE/spring-boot-autoconfigure-2.3.4.RELEASE.jar:/home/alexandre/.m2/repository/com/h2database/h2/1.4.200/h2-1.4.200.jar:/home/alexandre/.m2/repository/org/postgresql/postgresql/42.2.16/postgresql-42.2.16.jar:/home/alexandre/.m2/repository/org/checkerframework/checker-qual/3.5.0/checker-qual-3.5.0.jar:/home/alexandre/.m2/repository/org/projectlombok/lombok/1.18.12/lombok-1.18.12.jar:/home/alexandre/.m2/repository/org/springframework/boot/spring-boot-starter-test/2.3.4.RELEASE/spring-boot-starter-test-2.3.4.RELEASE.jar:/home/alexandre/.m2/repository/org/springframework/boot/spring-boot-test/2.3.4.RELEASE/spring-boot-test-2.3.4.RELEASE.jar:/home/alexandre/.m2/repository/org/springframework/boot/spring-boot-test-autoconfigure/2.3.4.RELEASE/spring-boot-test-autoconfigure-2.3.4.RELEASE.jar:/home/alexandre/.m2/repository/com/jayway/jsonpath/json-path/2.4.0/json-path-2.4.0.jar:/home/alexandre/.m2/repository/net/minidev/json-smart/2.3/json-smart-2.3.jar:/home/alexandre/.m2/repository/net/minidev/accessors-smart/1.2/accessors-smart-1.2.jar:/home/alexandre/.m2/repository/org/ow2/asm/asm/5.0.4/asm-5.0.4.jar:/home/alexandre/.m2/repository/jakarta/xml/bind/jakarta.xml.bind-api/2.3.3/jakarta.xml.bind-api-2.3.3.jar:/home/alexandre/.m2/repository/jakarta/activation/jakarta.activation-api/1.2.2/jakarta.activation-api-1.2.2.jar:/home/alexandre/.m2/repository/org/assertj/assertj-core/3.16.1/assertj-core-3.16.1.jar:/home/alexandre/.m2/repository/org/hamcrest/hamcrest/2.2/hamcrest-2.2.jar:/home/alexandre/.m2/repository/org/junit/jupiter/junit-jupiter/5.6.2/junit-jupiter-5.6.2.jar:/home/alexandre/.m2/repository/org/junit/jupiter/junit-jupiter-api/5.6.2/junit-jupiter-api-5.6.2.jar:/home/alexandre/.m2/repository/org/opentest4j/opentest4j/1.2.0/opentest4j-1.2.0.jar:/home/alexandre/.m2/repository/org/junit/platform/junit-platform-commons/1.6.2/junit-platform-commons-1.6.2.jar:/home/alexandre/.m2/repository/org/junit/jupiter/junit-jupiter-params/5.6.2/junit-jupiter-params-5.6.2.jar:/home/alexandre/.m2/repository/org/junit/jupiter/junit-jupiter-engine/5.6.2/junit-jupiter-engine-5.6.2.jar:/home/alexandre/.m2/repository/org/junit/vintage/junit-vintage-engine/5.6.2/junit-vintage-engine-5.6.2.jar:/home/alexandre/.m2/repository/org/apiguardian/apiguardian-api/1.1.0/apiguardian-api-1.1.0.jar:/home/alexandre/.m2/repository/org/junit/platform/junit-platform-engine/1.6.2/junit-platform-engine-1.6.2.jar:/home/alexandre/.m2/repository/junit/junit/4.13/junit-4.13.jar:/home/alexandre/.m2/repository/org/mockito/mockito-core/3.3.3/mockito-core-3.3.3.jar:/home/alexandre/.m2/repository/net/bytebuddy/byte-buddy-agent/1.10.14/byte-buddy-agent-1.10.14.jar:/home/alexandre/.m2/repository/org/objenesis/objenesis/2.6/objenesis-2.6.jar:/home/alexandre/.m2/repository/org/mockito/mockito-junit-jupiter/3.3.3/mockito-junit-jupiter-3.3.3.jar:/home/alexandre/.m2/repository/org/skyscreamer/jsonassert/1.5.0/jsonassert-1.5.0.jar:/home/alexandre/.m2/repository/com/vaadin/external/google/android-json/0.0.20131108.vaadin1/android-json-0.0.20131108.vaadin1.jar:/home/alexandre/.m2/repository/org/springframework/spring-core/5.2.9.RELEASE/spring-core-5.2.9.RELEASE.jar:/home/alexandre/.m2/repository/org/springframework/spring-jcl/5.2.9.RELEASE/spring-jcl-5.2.9.RELEASE.jar:/home/alexandre/.m2/repository/org/springframework/spring-test/5.2.9.RELEASE/spring-test-5.2.9.RELEASE.jar:/home/alexandre/.m2/repository/org/xmlunit/xmlunit-core/2.7.0/xmlunit-core-2.7.0.jar:/home/alexandre/.m2/repository/org/springframework/cloud/spring-cloud-stream/3.1.0/spring-cloud-stream-3.1.0-test-binder.jar:/home/alexandre/.m2/repository/org/mapstruct/mapstruct/1.3.1.Final/mapstruct-1.3.1.Final.jar:/home/alexandre/.m2/repository/org/springframework/boot/spring-boot-starter-mail/2.3.4.RELEASE/spring-boot-starter-mail-2.3.4.RELEASE.jar:/home/alexandre/.m2/repository/org/springframework/spring-context-support/5.2.9.RELEASE/spring-context-support-5.2.9.RELEASE.jar:/home/alexandre/.m2/repository/com/sun/mail/jakarta.mail/1.6.5/jakarta.mail-1.6.5.jar:/home/alexandre/.m2/repository/com/sun/activation/jakarta.activation/1.2.2/jakarta.activation-1.2.2.jar:"/>
    <property name="java.vm.vendor" value="Ubuntu"/>
    <property name="sun.arch.data.model" value="64"/>
    <property name="java.vendor.url" value="https://ubuntu.com/"/>
    <property name="user.timezone" value=""/>
    <property name="java.vm.specification.version" value="11"/>
    <property name="os.name" value="Linux"/>
    <property name="sun.java.launcher" value="SUN_STANDARD"/>
    <property name="user.country" value="BR"/>
    <property name="sun.boot.library.path" value="/usr/lib/jvm/java-11-openjdk-amd64/lib"/>
    <property name="sun.java.command" value="/home/alexandre/SGE/service/target/surefire/surefirebooter7406352925311882678.jar /home/alexandre/SGE/service/target/surefire 2021-01-22T15-49-30_190-jvmRun1 surefire4482963213288282934tmp surefire_06485047785418025178tmp"/>
    <property name="jdk.debug" value="release"/>
    <property name="surefire.test.class.path" value="/home/alexandre/SGE/service/target/test-classes:/home/alexandre/SGE/service/target/classes:/home/alexandre/.m2/repository/org/springframework/boot/spring-boot-starter-data-jpa/2.3.4.RELEASE/spring-boot-starter-data-jpa-2.3.4.RELEASE.jar:/home/alexandre/.m2/repository/org/springframework/boot/spring-boot-starter-aop/2.3.4.RELEASE/spring-boot-starter-aop-2.3.4.RELEASE.jar:/home/alexandre/.m2/repository/org/springframework/spring-aop/5.2.9.RELEASE/spring-aop-5.2.9.RELEASE.jar:/home/alexandre/.m2/repository/org/aspectj/aspectjweaver/1.9.6/aspectjweaver-1.9.6.jar:/home/alexandre/.m2/repository/org/springframework/boot/spring-boot-starter-jdbc/2.3.4.RELEASE/spring-boot-starter-jdbc-2.3.4.RELEASE.jar:/home/alexandre/.m2/repository/com/zaxxer/HikariCP/3.4.5/HikariCP-3.4.5.jar:/home/alexandre/.m2/repository/org/springframework/spring-jdbc/5.2.9.RELEASE/spring-jdbc-5.2.9.RELEASE.jar:/home/alexandre/.m2/repository/jakarta/transaction/jakarta.transaction-api/1.3.3/jakarta.transaction-api-1.3.3.jar:/home/alexandre/.m2/repository/jakarta/persistence/jakarta.persistence-api/2.2.3/jakarta.persistence-api-2.2.3.jar:/home/alexandre/.m2/repository/org/hibernate/hibernate-core/5.4.21.Final/hibernate-core-5.4.21.Final.jar:/home/alexandre/.m2/repository/org/jboss/logging/jboss-logging/3.4.1.Final/jboss-logging-3.4.1.Final.jar:/home/alexandre/.m2/repository/org/javassist/javassist/3.24.0-GA/javassist-3.24.0-GA.jar:/home/alexandre/.m2/repository/net/bytebuddy/byte-buddy/1.10.14/byte-buddy-1.10.14.jar:/home/alexandre/.m2/repository/antlr/antlr/2.7.7/antlr-2.7.7.jar:/home/alexandre/.m2/repository/org/jboss/jandex/2.1.3.Final/jandex-2.1.3.Final.jar:/home/alexandre/.m2/repository/com/fasterxml/classmate/1.5.1/classmate-1.5.1.jar:/home/alexandre/.m2/repository/org/dom4j/dom4j/2.1.3/dom4j-2.1.3.jar:/home/alexandre/.m2/repository/org/hibernate/common/hibernate-commons-annotations/5.1.0.Final/hibernate-commons-annotations-5.1.0.Final.jar:/home/alexandre/.m2/repository/org/glassfish/jaxb/jaxb-runtime/2.3.3/jaxb-runtime-2.3.3.jar:/home/alexandre/.m2/repository/org/glassfish/jaxb/txw2/2.3.3/txw2-2.3.3.jar:/home/alexandre/.m2/repository/com/sun/istack/istack-commons-runtime/3.0.11/istack-commons-runtime-3.0.11.jar:/home/alexandre/.m2/repository/org/springframework/data/spring-data-jpa/2.3.4.RELEASE/spring-data-jpa-2.3.4.RELEASE.jar:/home/alexandre/.m2/repository/org/springframework/data/spring-data-commons/2.3.4.RELEASE/spring-data-commons-2.3.4.RELEASE.jar:/home/alexandre/.m2/repository/org/springframework/spring-orm/5.2.9.RELEASE/spring-orm-5.2.9.RELEASE.jar:/home/alexandre/.m2/repository/org/springframework/spring-context/5.2.9.RELEASE/spring-context-5.2.9.RELEASE.jar:/home/alexandre/.m2/repository/org/springframework/spring-tx/5.2.9.RELEASE/spring-tx-5.2.9.RELEASE.jar:/home/alexandre/.m2/repository/org/springframework/spring-beans/5.2.9.RELEASE/spring-beans-5.2.9.RELEASE.jar:/home/alexandre/.m2/repository/org/springframework/spring-aspects/5.2.9.RELEASE/spring-aspects-5.2.9.RELEASE.jar:/home/alexandre/.m2/repository/org/springframework/boot/spring-boot-starter-web/2.3.4.RELEASE/spring-boot-starter-web-2.3.4.RELEASE.jar:/home/alexandre/.m2/repository/org/springframework/boot/spring-boot-starter/2.3.4.RELEASE/spring-boot-starter-2.3.4.RELEASE.jar:/home/alexandre/.m2/repository/org/springframework/boot/spring-boot-starter-logging/2.3.4.RELEASE/spring-boot-starter-logging-2.3.4.RELEASE.jar:/home/alexandre/.m2/repository/ch/qos/logback/logback-classic/1.2.3/logback-classic-1.2.3.jar:/home/alexandre/.m2/repository/ch/qos/logback/logback-core/1.2.3/logback-core-1.2.3.jar:/home/alexandre/.m2/repository/org/apache/logging/log4j/log4j-to-slf4j/2.13.3/log4j-to-slf4j-2.13.3.jar:/home/alexandre/.m2/repository/org/apache/logging/log4j/log4j-api/2.13.3/log4j-api-2.13.3.jar:/home/alexandre/.m2/repository/org/slf4j/jul-to-slf4j/1.7.30/jul-to-slf4j-1.7.30.jar:/home/alexandre/.m2/repository/jakarta/annotation/jakarta.annotation-api/1.3.5/jakarta.annotation-api-1.3.5.jar:/home/alexandre/.m2/repository/org/yaml/snakeyaml/1.26/snakeyaml-1.26.jar:/home/alexandre/.m2/repository/org/springframework/boot/spring-boot-starter-json/2.3.4.RELEASE/spring-boot-starter-json-2.3.4.RELEASE.jar:/home/alexandre/.m2/repository/com/fasterxml/jackson/core/jackson-databind/2.11.2/jackson-databind-2.11.2.jar:/home/alexandre/.m2/repository/com/fasterxml/jackson/core/jackson-annotations/2.11.2/jackson-annotations-2.11.2.jar:/home/alexandre/.m2/repository/com/fasterxml/jackson/core/jackson-core/2.11.2/jackson-core-2.11.2.jar:/home/alexandre/.m2/repository/com/fasterxml/jackson/datatype/jackson-datatype-jdk8/2.11.2/jackson-datatype-jdk8-2.11.2.jar:/home/alexandre/.m2/repository/com/fasterxml/jackson/datatype/jackson-datatype-jsr310/2.11.2/jackson-datatype-jsr310-2.11.2.jar:/home/alexandre/.m2/repository/com/fasterxml/jackson/module/jackson-module-parameter-names/2.11.2/jackson-module-parameter-names-2.11.2.jar:/home/alexandre/.m2/repository/org/springframework/boot/spring-boot-starter-tomcat/2.3.4.RELEASE/spring-boot-starter-tomcat-2.3.4.RELEASE.jar:/home/alexandre/.m2/repository/org/apache/tomcat/embed/tomcat-embed-core/9.0.38/tomcat-embed-core-9.0.38.jar:/home/alexandre/.m2/repository/org/glassfish/jakarta.el/3.0.3/jakarta.el-3.0.3.jar:/home/alexandre/.m2/repository/org/apache/tomcat/embed/tomcat-embed-websocket/9.0.38/tomcat-embed-websocket-9.0.38.jar:/home/alexandre/.m2/repository/org/springframework/spring-web/5.2.9.RELEASE/spring-web-5.2.9.RELEASE.jar:/home/alexandre/.m2/repository/org/springframework/spring-webmvc/5.2.9.RELEASE/spring-webmvc-5.2.9.RELEASE.jar:/home/alexandre/.m2/repository/org/springframework/spring-expression/5.2.9.RELEASE/spring-expression-5.2.9.RELEASE.jar:/home/alexandre/.m2/repository/org/liquibase/liquibase-core/3.8.9/liquibase-core-3.8.9.jar:/home/alexandre/.m2/repository/javax/xml/bind/jaxb-api/2.3.1/jaxb-api-2.3.1.jar:/home/alexandre/.m2/repository/javax/activation/javax.activation-api/1.2.0/javax.activation-api-1.2.0.jar:/home/alexandre/.m2/repository/org/slf4j/slf4j-api/1.7.30/slf4j-api-1.7.30.jar:/home/alexandre/.m2/repository/org/springframework/cloud/spring-cloud-stream/3.1.0/spring-cloud-stream-3.1.0.jar:/home/alexandre/.m2/repository/org/springframework/boot/spring-boot-starter-validation/2.3.4.RELEASE/spring-boot-starter-validation-2.3.4.RELEASE.jar:/home/alexandre/.m2/repository/org/hibernate/validator/hibernate-validator/6.1.5.Final/hibernate-validator-6.1.5.Final.jar:/home/alexandre/.m2/repository/jakarta/validation/jakarta.validation-api/2.0.2/jakarta.validation-api-2.0.2.jar:/home/alexandre/.m2/repository/org/springframework/spring-messaging/5.2.9.RELEASE/spring-messaging-5.2.9.RELEASE.jar:/home/alexandre/.m2/repository/org/springframework/integration/spring-integration-core/5.3.2.RELEASE/spring-integration-core-5.3.2.RELEASE.jar:/home/alexandre/.m2/repository/io/projectreactor/reactor-core/3.3.10.RELEASE/reactor-core-3.3.10.RELEASE.jar:/home/alexandre/.m2/repository/org/reactivestreams/reactive-streams/1.0.3/reactive-streams-1.0.3.jar:/home/alexandre/.m2/repository/org/springframework/integration/spring-integration-jmx/5.3.2.RELEASE/spring-integration-jmx-5.3.2.RELEASE.jar:/home/alexandre/.m2/repository/org/springframework/retry/spring-retry/1.2.5.RELEASE/spring-retry-1.2.5.RELEASE.jar:/home/alexandre/.m2/repository/org/springframework/cloud/spring-cloud-function-context/3.1.0/spring-cloud-function-context-3.1.0.jar:/home/alexandre/.m2/repository/net/jodah/typetools/0.6.2/typetools-0.6.2.jar:/home/alexandre/.m2/repository/org/springframework/cloud/spring-cloud-function-core/3.1.0/spring-cloud-function-core-3.1.0.jar:/home/alexandre/.m2/repository/javax/annotation/javax.annotation-api/1.3.2/javax.annotation-api-1.3.2.jar:/home/alexandre/.m2/repository/com/bertoncelj/jdbi/entitymapper/jdbi-entity-mapper/1.0.0/jdbi-entity-mapper-1.0.0.jar:/home/alexandre/.m2/repository/org/jdbi/jdbi/2.63.1/jdbi-2.63.1.jar:/home/alexandre/.m2/repository/org/springframework/boot/spring-boot-devtools/2.3.4.RELEASE/spring-boot-devtools-2.3.4.RELEASE.jar:/home/alexandre/.m2/repository/org/springframework/boot/spring-boot/2.3.4.RELEASE/spring-boot-2.3.4.RELEASE.jar:/home/alexandre/.m2/repository/org/springframework/boot/spring-boot-autoconfigure/2.3.4.RELEASE/spring-boot-autoconfigure-2.3.4.RELEASE.jar:/home/alexandre/.m2/repository/com/h2database/h2/1.4.200/h2-1.4.200.jar:/home/alexandre/.m2/repository/org/postgresql/postgresql/42.2.16/postgresql-42.2.16.jar:/home/alexandre/.m2/repository/org/checkerframework/checker-qual/3.5.0/checker-qual-3.5.0.jar:/home/alexandre/.m2/repository/org/projectlombok/lombok/1.18.12/lombok-1.18.12.jar:/home/alexandre/.m2/repository/org/springframework/boot/spring-boot-starter-test/2.3.4.RELEASE/spring-boot-starter-test-2.3.4.RELEASE.jar:/home/alexandre/.m2/repository/org/springframework/boot/spring-boot-test/2.3.4.RELEASE/spring-boot-test-2.3.4.RELEASE.jar:/home/alexandre/.m2/repository/org/springframework/boot/spring-boot-test-autoconfigure/2.3.4.RELEASE/spring-boot-test-autoconfigure-2.3.4.RELEASE.jar:/home/alexandre/.m2/repository/com/jayway/jsonpath/json-path/2.4.0/json-path-2.4.0.jar:/home/alexandre/.m2/repository/net/minidev/json-smart/2.3/json-smart-2.3.jar:/home/alexandre/.m2/repository/net/minidev/accessors-smart/1.2/accessors-smart-1.2.jar:/home/alexandre/.m2/repository/org/ow2/asm/asm/5.0.4/asm-5.0.4.jar:/home/alexandre/.m2/repository/jakarta/xml/bind/jakarta.xml.bind-api/2.3.3/jakarta.xml.bind-api-2.3.3.jar:/home/alexandre/.m2/repository/jakarta/activation/jakarta.activation-api/1.2.2/jakarta.activation-api-1.2.2.jar:/home/alexandre/.m2/repository/org/assertj/assertj-core/3.16.1/assertj-core-3.16.1.jar:/home/alexandre/.m2/repository/org/hamcrest/hamcrest/2.2/hamcrest-2.2.jar:/home/alexandre/.m2/repository/org/junit/jupiter/junit-jupiter/5.6.2/junit-jupiter-5.6.2.jar:/home/alexandre/.m2/repository/org/junit/jupiter/junit-jupiter-api/5.6.2/junit-jupiter-api-5.6.2.jar:/home/alexandre/.m2/repository/org/opentest4j/opentest4j/1.2.0/opentest4j-1.2.0.jar:/home/alexandre/.m2/repository/org/junit/platform/junit-platform-commons/1.6.2/junit-platform-commons-1.6.2.jar:/home/alexandre/.m2/repository/org/junit/jupiter/junit-jupiter-params/5.6.2/junit-jupiter-params-5.6.2.jar:/home/alexandre/.m2/repository/org/junit/jupiter/junit-jupiter-engine/5.6.2/junit-jupiter-engine-5.6.2.jar:/home/alexandre/.m2/repository/org/junit/vintage/junit-vintage-engine/5.6.2/junit-vintage-engine-5.6.2.jar:/home/alexandre/.m2/repository/org/apiguardian/apiguardian-api/1.1.0/apiguardian-api-1.1.0.jar:/home/alexandre/.m2/repository/org/junit/platform/junit-platform-engine/1.6.2/junit-platform-engine-1.6.2.jar:/home/alexandre/.m2/repository/junit/junit/4.13/junit-4.13.jar:/home/alexandre/.m2/repository/org/mockito/mockito-core/3.3.3/mockito-core-3.3.3.jar:/home/alexandre/.m2/repository/net/bytebuddy/byte-buddy-agent/1.10.14/byte-buddy-agent-1.10.14.jar:/home/alexandre/.m2/repository/org/objenesis/objenesis/2.6/objenesis-2.6.jar:/home/alexandre/.m2/repository/org/mockito/mockito-junit-jupiter/3.3.3/mockito-junit-jupiter-3.3.3.jar:/home/alexandre/.m2/repository/org/skyscreamer/jsonassert/1.5.0/jsonassert-1.5.0.jar:/home/alexandre/.m2/repository/com/vaadin/external/google/android-json/0.0.20131108.vaadin1/android-json-0.0.20131108.vaadin1.jar:/home/alexandre/.m2/repository/org/springframework/spring-core/5.2.9.RELEASE/spring-core-5.2.9.RELEASE.jar:/home/alexandre/.m2/repository/org/springframework/spring-jcl/5.2.9.RELEASE/spring-jcl-5.2.9.RELEASE.jar:/home/alexandre/.m2/repository/org/springframework/spring-test/5.2.9.RELEASE/spring-test-5.2.9.RELEASE.jar:/home/alexandre/.m2/repository/org/xmlunit/xmlunit-core/2.7.0/xmlunit-core-2.7.0.jar:/home/alexandre/.m2/repository/org/springframework/cloud/spring-cloud-stream/3.1.0/spring-cloud-stream-3.1.0-test-binder.jar:/home/alexandre/.m2/repository/org/mapstruct/mapstruct/1.3.1.Final/mapstruct-1.3.1.Final.jar:/home/alexandre/.m2/repository/org/springframework/boot/spring-boot-starter-mail/2.3.4.RELEASE/spring-boot-starter-mail-2.3.4.RELEASE.jar:/home/alexandre/.m2/repository/org/springframework/spring-context-support/5.2.9.RELEASE/spring-context-support-5.2.9.RELEASE.jar:/home/alexandre/.m2/repository/com/sun/mail/jakarta.mail/1.6.5/jakarta.mail-1.6.5.jar:/home/alexandre/.m2/repository/com/sun/activation/jakarta.activation/1.2.2/jakarta.activation-1.2.2.jar:"/>
    <property name="sun.cpu.endian" value="little"/>
    <property name="user.home" value="/home/alexandre"/>
    <property name="user.language" value="pt"/>
    <property name="java.specification.vendor" value="Oracle Corporation"/>
    <property name="java.version.date" value="2020-11-04"/>
    <property name="java.home" value="/usr/lib/jvm/java-11-openjdk-amd64"/>
    <property name="file.separator" value="/"/>
    <property name="basedir" value="/home/alexandre/SGE/service"/>
    <property name="java.vm.compressedOopsMode" value="Zero based"/>
    <property name="line.separator" value="&#10;"/>
    <property name="java.specification.name" value="Java Platform API Specification"/>
    <property name="java.vm.specification.vendor" value="Oracle Corporation"/>
    <property name="java.awt.graphicsenv" value="sun.awt.X11GraphicsEnvironment"/>
    <property name="surefire.real.class.path" value="/home/alexandre/SGE/service/target/surefire/surefirebooter7406352925311882678.jar"/>
    <property name="sun.management.compiler" value="HotSpot 64-Bit Tiered Compilers"/>
    <property name="java.runtime.version" value="11.0.9.1+1-Ubuntu-0ubuntu1.18.04"/>
    <property name="user.name" value="alexandre"/>
    <property name="path.separator" value=":"/>
    <property name="os.version" value="5.4.0-62-generic"/>
    <property name="java.runtime.name" value="OpenJDK Runtime Environment"/>
    <property name="file.encoding" value="UTF-8"/>
    <property name="java.vm.name" value="OpenJDK 64-Bit Server VM"/>
    <property name="localRepository" value="/home/alexandre/.m2/repository"/>
    <property name="java.vendor.url.bug" value="https://bugs.launchpad.net/ubuntu/+source/openjdk-lts"/>
    <property name="java.io.tmpdir" value="/tmp"/>
    <property name="java.version" value="11.0.9.1"/>
    <property name="user.dir" value="/home/alexandre/SGE/service"/>
    <property name="os.arch" value="amd64"/>
    <property name="java.vm.specification.name" value="Java Virtual Machine Specification"/>
    <property name="java.awt.printerjob" value="sun.print.PSPrinterJob"/>
    <property name="sun.os.patch.level" value="unknown"/>
    <property name="java.library.path" value="/usr/java/packages/lib:/usr/lib/x86_64-linux-gnu/jni:/lib/x86_64-linux-gnu:/usr/lib/x86_64-linux-gnu:/usr/lib/jni:/lib:/usr/lib"/>
    <property name="java.vm.info" value="mixed mode, sharing"/>
    <property name="java.vendor" value="Ubuntu"/>
    <property name="java.vm.version" value="11.0.9.1+1-Ubuntu-0ubuntu1.18.04"/>
    <property name="sun.io.unicode.encoding" value="UnicodeLittle"/>
    <property name="java.class.version" value="55.0"/>
  </properties>
  <testcase name="listarTeste" classname="com.basis.sge.service.recurso.TestNegativosRecursoIT" time="1.186"/>
  <testcase name="idInexistente" classname="com.basis.sge.service.recurso.TestNegativosRecursoIT" time="0.161">
    <error message="Request processing failed; nested exception is com.basis.sge.service.servico.RegraNegocioException: Evento não encontrado" type="org.springframework.web.util.NestedServletException">org.springframework.web.util.NestedServletException: Request processing failed; nested exception is com.basis.sge.service.servico.RegraNegocioException: Evento não encontrado
	at com.basis.sge.service.recurso.TestNegativosRecursoIT.idInexistente(TestNegativosRecursoIT.java:57)
Caused by: com.basis.sge.service.servico.RegraNegocioException: Evento não encontrado
	at com.basis.sge.service.recurso.TestNegativosRecursoIT.idInexistente(TestNegativosRecursoIT.java:57)
</error>
    <system-out><![CDATA[2021-01-22 15:50:15.703  INFO 10932 --- [           main] o.s.t.c.transaction.TransactionContext   : Began transaction (1) for test context [DefaultTestContext@5db05003 testClass = TestNegativosRecursoIT, testInstance = com.basis.sge.service.recurso.TestNegativosRecursoIT@12223f2b, testMethod = idInexistente@TestNegativosRecursoIT, testException = [null], mergedContextConfiguration = [WebMergedContextConfiguration@57e9dd1f testClass = TestNegativosRecursoIT, locations = '{}', classes = '{class com.basis.sge.service.ServiceApplication, class com.basis.sge.service.ServiceApplication}', contextInitializerClasses = '[]', activeProfiles = '{}', propertySourceLocations = '{}', propertySourceProperties = '{org.springframework.boot.test.context.SpringBootTestContextBootstrapper=true}', contextCustomizers = set[org.springframework.boot.test.context.filter.ExcludeFilterContextCustomizer@58695725, org.springframework.boot.test.json.DuplicateJsonObjectContextCustomizerFactory$DuplicateJsonObjectContextCustomizer@4fb3ee4e, org.springframework.boot.test.mock.mockito.MockitoContextCustomizer@0, org.springframework.boot.test.web.client.TestRestTemplateContextCustomizer@593aaf41, org.springframework.boot.test.autoconfigure.properties.PropertyMappingContextCustomizer@0, org.springframework.boot.test.autoconfigure.web.servlet.WebDriverContextCustomizerFactory$Customizer@659499f1, org.springframework.boot.test.context.SpringBootTestArgs@1], resourceBasePath = 'src/main/webapp', contextLoader = 'org.springframework.boot.test.context.SpringBootContextLoader', parent = [null]], attributes = map['org.springframework.test.context.web.ServletTestExecutionListener.activateListener' -> true, 'org.springframework.test.context.web.ServletTestExecutionListener.populatedRequestContextHolder' -> true, 'org.springframework.test.context.web.ServletTestExecutionListener.resetRequestContextHolder' -> true]]; transaction manager [org.springframework.orm.jpa.JpaTransactionManager@457607d8]; rollback [true]
2021-01-22 15:50:15.715  INFO 10932 --- [           main] o.s.b.t.m.w.SpringBootMockServletContext : Initializing Spring TestDispatcherServlet ''
2021-01-22 15:50:15.717  INFO 10932 --- [           main] o.s.t.web.servlet.TestDispatcherServlet  : Initializing Servlet ''
2021-01-22 15:50:15.730  INFO 10932 --- [           main] o.s.t.web.servlet.TestDispatcherServlet  : Completed initialization in 12 ms
Hibernate: select evento0_.id as id1_0_, evento0_.data_inicio as data_ini2_0_, evento0_.data_termino as data_ter3_0_, evento0_.descricao as descrica4_0_, evento0_.local as local5_0_, evento0_.qt_vagas as qt_vagas6_0_, evento0_.id_tipo_evento as id_tipo10_0_, evento0_.tipo_inscricao as tipo_ins7_0_, evento0_.titulo as titulo8_0_, evento0_.valor as valor9_0_ from evento evento0_
Hibernate: select evento0_.id as col_0_0_ from evento evento0_ where evento0_.titulo=? limit ?
Hibernate: select count(*) as col_0_0_ from tipo_evento tipoevento0_ where tipoevento0_.id=?
Hibernate: select nextval ('sq_evento')
Hibernate: select tipoevento_.id, tipoevento_.descricao as descrica2_5_ from tipo_evento tipoevento_ where tipoevento_.id=?
Hibernate: select evento0_.id as id1_0_0_, evento0_.data_inicio as data_ini2_0_0_, evento0_.data_termino as data_ter3_0_0_, evento0_.descricao as descrica4_0_0_, evento0_.local as local5_0_0_, evento0_.qt_vagas as qt_vagas6_0_0_, evento0_.id_tipo_evento as id_tipo10_0_0_, evento0_.tipo_inscricao as tipo_ins7_0_0_, evento0_.titulo as titulo8_0_0_, evento0_.valor as valor9_0_0_ from evento evento0_ where evento0_.id=?
2021-01-22 15:50:15.840  INFO 10932 --- [           main] o.s.t.c.transaction.TransactionContext   : Rolled back transaction for test: [DefaultTestContext@5db05003 testClass = TestNegativosRecursoIT, testInstance = com.basis.sge.service.recurso.TestNegativosRecursoIT@12223f2b, testMethod = idInexistente@TestNegativosRecursoIT, testException = org.springframework.web.util.NestedServletException: Request processing failed; nested exception is com.basis.sge.service.servico.RegraNegocioException: Evento não encontrado, mergedContextConfiguration = [WebMergedContextConfiguration@57e9dd1f testClass = TestNegativosRecursoIT, locations = '{}', classes = '{class com.basis.sge.service.ServiceApplication, class com.basis.sge.service.ServiceApplication}', contextInitializerClasses = '[]', activeProfiles = '{}', propertySourceLocations = '{}', propertySourceProperties = '{org.springframework.boot.test.context.SpringBootTestContextBootstrapper=true}', contextCustomizers = set[org.springframework.boot.test.context.filter.ExcludeFilterContextCustomizer@58695725, org.springframework.boot.test.json.DuplicateJsonObjectContextCustomizerFactory$DuplicateJsonObjectContextCustomizer@4fb3ee4e, org.springframework.boot.test.mock.mockito.MockitoContextCustomizer@0, org.springframework.boot.test.web.client.TestRestTemplateContextCustomizer@593aaf41, org.springframework.boot.test.autoconfigure.properties.PropertyMappingContextCustomizer@0, org.springframework.boot.test.autoconfigure.web.servlet.WebDriverContextCustomizerFactory$Customizer@659499f1, org.springframework.boot.test.context.SpringBootTestArgs@1], resourceBasePath = 'src/main/webapp', contextLoader = 'org.springframework.boot.test.context.SpringBootContextLoader', parent = [null]], attributes = map['org.springframework.test.context.web.ServletTestExecutionListener.activateListener' -> true, 'org.springframework.test.context.web.ServletTestExecutionListener.populatedRequestContextHolder' -> true, 'org.springframework.test.context.web.ServletTestExecutionListener.resetRequestContextHolder' -> true]]
]]></system-out>
  </testcase>
  <testcase name="tipoEventoInexistenteTest" classname="com.basis.sge.service.recurso.TestNegativosRecursoIT" time="0.037">
    <error message="Request processing failed; nested exception is com.basis.sge.service.servico.RegraNegocioException: Evento não encontrado" type="org.springframework.web.util.NestedServletException">org.springframework.web.util.NestedServletException: Request processing failed; nested exception is com.basis.sge.service.servico.RegraNegocioException: Evento não encontrado
	at com.basis.sge.service.recurso.TestNegativosRecursoIT.tipoEventoInexistenteTest(TestNegativosRecursoIT.java:75)
Caused by: com.basis.sge.service.servico.RegraNegocioException: Evento não encontrado
	at com.basis.sge.service.recurso.TestNegativosRecursoIT.tipoEventoInexistenteTest(TestNegativosRecursoIT.java:75)
</error>
    <system-out><![CDATA[2021-01-22 15:50:15.866  INFO 10932 --- [           main] o.s.t.c.transaction.TransactionContext   : Began transaction (1) for test context [DefaultTestContext@5db05003 testClass = TestNegativosRecursoIT, testInstance = com.basis.sge.service.recurso.TestNegativosRecursoIT@d931617, testMethod = tipoEventoInexistenteTest@TestNegativosRecursoIT, testException = [null], mergedContextConfiguration = [WebMergedContextConfiguration@57e9dd1f testClass = TestNegativosRecursoIT, locations = '{}', classes = '{class com.basis.sge.service.ServiceApplication, class com.basis.sge.service.ServiceApplication}', contextInitializerClasses = '[]', activeProfiles = '{}', propertySourceLocations = '{}', propertySourceProperties = '{org.springframework.boot.test.context.SpringBootTestContextBootstrapper=true}', contextCustomizers = set[org.springframework.boot.test.context.filter.ExcludeFilterContextCustomizer@58695725, org.springframework.boot.test.json.DuplicateJsonObjectContextCustomizerFactory$DuplicateJsonObjectContextCustomizer@4fb3ee4e, org.springframework.boot.test.mock.mockito.MockitoContextCustomizer@0, org.springframework.boot.test.web.client.TestRestTemplateContextCustomizer@593aaf41, org.springframework.boot.test.autoconfigure.properties.PropertyMappingContextCustomizer@0, org.springframework.boot.test.autoconfigure.web.servlet.WebDriverContextCustomizerFactory$Customizer@659499f1, org.springframework.boot.test.context.SpringBootTestArgs@1], resourceBasePath = 'src/main/webapp', contextLoader = 'org.springframework.boot.test.context.SpringBootContextLoader', parent = [null]], attributes = map['org.springframework.test.context.web.ServletTestExecutionListener.activateListener' -> true, 'org.springframework.test.context.web.ServletTestExecutionListener.populatedRequestContextHolder' -> true, 'org.springframework.test.context.web.ServletTestExecutionListener.resetRequestContextHolder' -> true]]; transaction manager [org.springframework.orm.jpa.JpaTransactionManager@457607d8]; rollback [true]
2021-01-22 15:50:15.870  INFO 10932 --- [           main] o.s.b.t.m.w.SpringBootMockServletContext : Initializing Spring TestDispatcherServlet ''
2021-01-22 15:50:15.871  INFO 10932 --- [           main] o.s.t.web.servlet.TestDispatcherServlet  : Initializing Servlet ''
2021-01-22 15:50:15.877  INFO 10932 --- [           main] o.s.t.web.servlet.TestDispatcherServlet  : Completed initialization in 5 ms
Hibernate: select evento0_.id as id1_0_, evento0_.data_inicio as data_ini2_0_, evento0_.data_termino as data_ter3_0_, evento0_.descricao as descrica4_0_, evento0_.local as local5_0_, evento0_.qt_vagas as qt_vagas6_0_, evento0_.id_tipo_evento as id_tipo10_0_, evento0_.tipo_inscricao as tipo_ins7_0_, evento0_.titulo as titulo8_0_, evento0_.valor as valor9_0_ from evento evento0_
Hibernate: select evento0_.id as id1_0_0_, evento0_.data_inicio as data_ini2_0_0_, evento0_.data_termino as data_ter3_0_0_, evento0_.descricao as descrica4_0_0_, evento0_.local as local5_0_0_, evento0_.qt_vagas as qt_vagas6_0_0_, evento0_.id_tipo_evento as id_tipo10_0_0_, evento0_.tipo_inscricao as tipo_ins7_0_0_, evento0_.titulo as titulo8_0_0_, evento0_.valor as valor9_0_0_ from evento evento0_ where evento0_.id=?
2021-01-22 15:50:15.897  INFO 10932 --- [           main] o.s.t.c.transaction.TransactionContext   : Rolled back transaction for test: [DefaultTestContext@5db05003 testClass = TestNegativosRecursoIT, testInstance = com.basis.sge.service.recurso.TestNegativosRecursoIT@d931617, testMethod = tipoEventoInexistenteTest@TestNegativosRecursoIT, testException = org.springframework.web.util.NestedServletException: Request processing failed; nested exception is com.basis.sge.service.servico.RegraNegocioException: Evento não encontrado, mergedContextConfiguration = [WebMergedContextConfiguration@57e9dd1f testClass = TestNegativosRecursoIT, locations = '{}', classes = '{class com.basis.sge.service.ServiceApplication, class com.basis.sge.service.ServiceApplication}', contextInitializerClasses = '[]', activeProfiles = '{}', propertySourceLocations = '{}', propertySourceProperties = '{org.springframework.boot.test.context.SpringBootTestContextBootstrapper=true}', contextCustomizers = set[org.springframework.boot.test.context.filter.ExcludeFilterContextCustomizer@58695725, org.springframework.boot.test.json.DuplicateJsonObjectContextCustomizerFactory$DuplicateJsonObjectContextCustomizer@4fb3ee4e, org.springframework.boot.test.mock.mockito.MockitoContextCustomizer@0, org.springframework.boot.test.web.client.TestRestTemplateContextCustomizer@593aaf41, org.springframework.boot.test.autoconfigure.properties.PropertyMappingContextCustomizer@0, org.springframework.boot.test.autoconfigure.web.servlet.WebDriverContextCustomizerFactory$Customizer@659499f1, org.springframework.boot.test.context.SpringBootTestArgs@1], resourceBasePath = 'src/main/webapp', contextLoader = 'org.springframework.boot.test.context.SpringBootContextLoader', parent = [null]], attributes = map['org.springframework.test.context.web.ServletTestExecutionListener.activateListener' -> true, 'org.springframework.test.context.web.ServletTestExecutionListener.populatedRequestContextHolder' -> true, 'org.springframework.test.context.web.ServletTestExecutionListener.resetRequestContextHolder' -> true]]
]]></system-out>
  </testcase>
  <testcase name="tituloIgual" classname="com.basis.sge.service.recurso.TestNegativosRecursoIT" time="0.247">
    <error message="Request processing failed; nested exception is com.basis.sge.service.servico.RegraNegocioException: Um evento com esse titulo já existe" type="org.springframework.web.util.NestedServletException">org.springframework.web.util.NestedServletException: Request processing failed; nested exception is com.basis.sge.service.servico.RegraNegocioException: Um evento com esse titulo já existe
	at com.basis.sge.service.recurso.TestNegativosRecursoIT.tituloIgual(TestNegativosRecursoIT.java:67)
Caused by: com.basis.sge.service.servico.RegraNegocioException: Um evento com esse titulo já existe
	at com.basis.sge.service.recurso.TestNegativosRecursoIT.tituloIgual(TestNegativosRecursoIT.java:67)
</error>
    <system-out><![CDATA[2021-01-22 15:50:15.907  INFO 10932 --- [           main] o.s.t.c.transaction.TransactionContext   : Began transaction (1) for test context [DefaultTestContext@5db05003 testClass = TestNegativosRecursoIT, testInstance = com.basis.sge.service.recurso.TestNegativosRecursoIT@5d33426a, testMethod = tituloIgual@TestNegativosRecursoIT, testException = [null], mergedContextConfiguration = [WebMergedContextConfiguration@57e9dd1f testClass = TestNegativosRecursoIT, locations = '{}', classes = '{class com.basis.sge.service.ServiceApplication, class com.basis.sge.service.ServiceApplication}', contextInitializerClasses = '[]', activeProfiles = '{}', propertySourceLocations = '{}', propertySourceProperties = '{org.springframework.boot.test.context.SpringBootTestContextBootstrapper=true}', contextCustomizers = set[org.springframework.boot.test.context.filter.ExcludeFilterContextCustomizer@58695725, org.springframework.boot.test.json.DuplicateJsonObjectContextCustomizerFactory$DuplicateJsonObjectContextCustomizer@4fb3ee4e, org.springframework.boot.test.mock.mockito.MockitoContextCustomizer@0, org.springframework.boot.test.web.client.TestRestTemplateContextCustomizer@593aaf41, org.springframework.boot.test.autoconfigure.properties.PropertyMappingContextCustomizer@0, org.springframework.boot.test.autoconfigure.web.servlet.WebDriverContextCustomizerFactory$Customizer@659499f1, org.springframework.boot.test.context.SpringBootTestArgs@1], resourceBasePath = 'src/main/webapp', contextLoader = 'org.springframework.boot.test.context.SpringBootContextLoader', parent = [null]], attributes = map['org.springframework.test.context.web.ServletTestExecutionListener.activateListener' -> true, 'org.springframework.test.context.web.ServletTestExecutionListener.populatedRequestContextHolder' -> true, 'org.springframework.test.context.web.ServletTestExecutionListener.resetRequestContextHolder' -> true]]; transaction manager [org.springframework.orm.jpa.JpaTransactionManager@457607d8]; rollback [true]
2021-01-22 15:50:15.911  INFO 10932 --- [           main] o.s.b.t.m.w.SpringBootMockServletContext : Initializing Spring TestDispatcherServlet ''
2021-01-22 15:50:15.912  INFO 10932 --- [           main] o.s.t.web.servlet.TestDispatcherServlet  : Initializing Servlet ''
2021-01-22 15:50:15.919  INFO 10932 --- [           main] o.s.t.web.servlet.TestDispatcherServlet  : Completed initialization in 6 ms
Hibernate: select evento0_.id as id1_0_, evento0_.data_inicio as data_ini2_0_, evento0_.data_termino as data_ter3_0_, evento0_.descricao as descrica4_0_, evento0_.local as local5_0_, evento0_.qt_vagas as qt_vagas6_0_, evento0_.id_tipo_evento as id_tipo10_0_, evento0_.tipo_inscricao as tipo_ins7_0_, evento0_.titulo as titulo8_0_, evento0_.valor as valor9_0_ from evento evento0_
Hibernate: select evento0_.id as col_0_0_ from evento evento0_ where evento0_.titulo=? limit ?
Hibernate: select count(*) as col_0_0_ from tipo_evento tipoevento0_ where tipoevento0_.id=?
Hibernate: select nextval ('sq_evento')
Hibernate: select tipoevento_.id, tipoevento_.descricao as descrica2_5_ from tipo_evento tipoevento_ where tipoevento_.id=?
Hibernate: insert into evento (data_inicio, data_termino, descricao, local, qt_vagas, id_tipo_evento, tipo_inscricao, titulo, valor, id) values (?, ?, ?, ?, ?, ?, ?, ?, ?, ?)
Hibernate: select evento0_.id as col_0_0_ from evento evento0_ where evento0_.titulo=? limit ?
2021-01-22 15:50:16.148  INFO 10932 --- [           main] o.s.t.c.transaction.TransactionContext   : Rolled back transaction for test: [DefaultTestContext@5db05003 testClass = TestNegativosRecursoIT, testInstance = com.basis.sge.service.recurso.TestNegativosRecursoIT@5d33426a, testMethod = tituloIgual@TestNegativosRecursoIT, testException = org.springframework.web.util.NestedServletException: Request processing failed; nested exception is com.basis.sge.service.servico.RegraNegocioException: Um evento com esse titulo já existe, mergedContextConfiguration = [WebMergedContextConfiguration@57e9dd1f testClass = TestNegativosRecursoIT, locations = '{}', classes = '{class com.basis.sge.service.ServiceApplication, class com.basis.sge.service.ServiceApplication}', contextInitializerClasses = '[]', activeProfiles = '{}', propertySourceLocations = '{}', propertySourceProperties = '{org.springframework.boot.test.context.SpringBootTestContextBootstrapper=true}', contextCustomizers = set[org.springframework.boot.test.context.filter.ExcludeFilterContextCustomizer@58695725, org.springframework.boot.test.json.DuplicateJsonObjectContextCustomizerFactory$DuplicateJsonObjectContextCustomizer@4fb3ee4e, org.springframework.boot.test.mock.mockito.MockitoContextCustomizer@0, org.springframework.boot.test.web.client.TestRestTemplateContextCustomizer@593aaf41, org.springframework.boot.test.autoconfigure.properties.PropertyMappingContextCustomizer@0, org.springframework.boot.test.autoconfigure.web.servlet.WebDriverContextCustomizerFactory$Customizer@659499f1, org.springframework.boot.test.context.SpringBootTestArgs@1], resourceBasePath = 'src/main/webapp', contextLoader = 'org.springframework.boot.test.context.SpringBootContextLoader', parent = [null]], attributes = map['org.springframework.test.context.web.ServletTestExecutionListener.activateListener' -> true, 'org.springframework.test.context.web.ServletTestExecutionListener.populatedRequestContextHolder' -> true, 'org.springframework.test.context.web.ServletTestExecutionListener.resetRequestContextHolder' -> true]]
]]></system-out>
  </testcase>
</testsuite>